[2018-06-28T11:57:05.825] [INFO] test - Adding Card, username: hi, card: AMERICAN_EXPRESS_BLUE_CASH_PREFERRED
[2018-06-28T11:57:05.826] [INFO] test - SELECT * FROM credit_cards WHERE username = ? AND card = ?
[2018-06-28T11:57:05.827] [INFO] test - INSERT INTO credit_cards VALUES (?,?) hi, AMERICAN_EXPRESS_BLUE_CASH_PREFERRED
[2018-06-28T11:57:05.829] [INFO] test - error: null
[2018-06-28T11:57:12.188] [INFO] test - Adding Card, username: hello, card: BARCLAY_UBER_VISA_CARD
[2018-06-28T11:57:12.188] [INFO] test - SELECT * FROM credit_cards WHERE username = ? AND card = ?
[2018-06-28T11:57:12.188] [INFO] test - INSERT INTO credit_cards VALUES (?,?) hello, BARCLAY_UBER_VISA_CARD
[2018-06-28T11:57:12.191] [INFO] test - error: null
[2018-06-28T11:57:15.322] [INFO] test - Getting cards for user hello
[2018-06-28T11:57:15.322] [INFO] test - select card from credit_cards WHERE username = ? hello
[2018-06-28T11:57:15.322] [INFO] test - { username: 'hello',
  cards: 
   [ 'BARCLAY_UBER_VISA_CARD',
     'CHASE',
     'DISCOVER_IT_CASH_BACK',
     'blank',
     'hi' ],
  error: null }
[2018-06-28T11:57:17.747] [INFO] test - Getting cards for user hi
[2018-06-28T11:57:17.747] [INFO] test - select card from credit_cards WHERE username = ? hi
[2018-06-28T11:57:17.747] [INFO] test - { username: 'hi',
  cards: [ 'AMERICAN_EXPRESS_BLUE_CASH_PREFERRED' ],
  error: null }
[2018-06-28T11:57:19.858] [INFO] test - Getting cards for user hii
[2018-06-28T11:57:19.858] [INFO] test - select card from credit_cards WHERE username = ? hii
[2018-06-28T11:57:19.859] [INFO] test - { username: 'hii', cards: [], error: 'No cards for that user' }
